c:\users\u5684282\desktop\myclient\myclient\x64\debug\vc143.pdb
c:\users\u5684282\desktop\myclient\myclient\x64\debug\vc143.idb
c:\users\u5684282\desktop\myclient\myclient\x64\debug\myclient.obj
c:\users\u5684282\desktop\myclient\myclient\x64\debug\imgui_impl_dx12.obj
c:\users\u5684282\desktop\myclient\myclient\x64\debug\imgui_impl_win32.obj
c:\users\u5684282\desktop\myclient\myclient\x64\debug\imgui_widgets.obj
c:\users\u5684282\desktop\myclient\myclient\x64\debug\imgui_tables.obj
c:\users\u5684282\desktop\myclient\myclient\x64\debug\imgui_draw.obj
c:\users\u5684282\desktop\myclient\myclient\x64\debug\imgui_demo.obj
c:\users\u5684282\desktop\myclient\myclient\x64\debug\imgui.obj
c:\users\u5684282\desktop\myclient\myclient\x64\debug\myclient.ilk
c:\users\u5684282\desktop\myclient\myclient\x64\debug\audiotest.obj
c:\users\u5684282\desktop\myclient\myclient\x64\debug\client.obj
c:\users\u5684282\desktop\myclient\myclient\x64\debug\test.obj
c:\users\u5684282\desktop\myclient\x64\debug\myclient.pdb
c:\users\u5684282\desktop\myclient\myclient\x64\debug\myclient.tlog\cl.command.1.tlog
c:\users\u5684282\desktop\myclient\myclient\x64\debug\myclient.tlog\cl.items.tlog
c:\users\u5684282\desktop\myclient\myclient\x64\debug\myclient.tlog\cl.read.1.tlog
c:\users\u5684282\desktop\myclient\myclient\x64\debug\myclient.tlog\cl.write.1.tlog
c:\users\u5684282\desktop\myclient\myclient\x64\debug\myclient.tlog\link-cvtres.read.1.tlog
c:\users\u5684282\desktop\myclient\myclient\x64\debug\myclient.tlog\link-cvtres.write.1.tlog
c:\users\u5684282\desktop\myclient\myclient\x64\debug\myclient.tlog\link-rc.read.1.tlog
c:\users\u5684282\desktop\myclient\myclient\x64\debug\myclient.tlog\link-rc.write.1.tlog
c:\users\u5684282\desktop\myclient\myclient\x64\debug\myclient.tlog\link.command.1.tlog
c:\users\u5684282\desktop\myclient\myclient\x64\debug\myclient.tlog\link.read.1.tlog
c:\users\u5684282\desktop\myclient\myclient\x64\debug\myclient.tlog\link.secondary.1.tlog
c:\users\u5684282\desktop\myclient\myclient\x64\debug\myclient.tlog\link.write.1.tlog
